<?xml version="1.0" encoding="UTF-8"?>
<!-- Generated by org.testng.reporters.JUnitReportReporter -->
<testsuite hostname="DESKTOP-Q7K9SM7" failures="0" tests="1" name="com.AmazonAutomation.QA.BaseClassPackage.BaseClass" time="4.118" errors="0" timestamp="2023-02-15T10:40:13 IST" skipped="0">
  <testcase classname="com.AmazonAutomation.QA.BaseClassPackage.BaseClass" name="initialize" time="4.118"/>
  <system-out/>
</testsuite> <!-- com.AmazonAutomation.QA.BaseClassPackage.BaseClass -->
