<?xml version="1.0" encoding="UTF-8"?>
<!-- Generated by org.testng.reporters.JUnitReportReporter -->
<testsuite hostname="DESKTOP-Q7K9SM7" failures="0" tests="3" name="com.AmazonAutomation.QA.TestCasePackage.ElectronicsTC" time="15.491" errors="0" timestamp="2023-02-15T10:40:13 IST" skipped="0">
  <testcase classname="com.AmazonAutomation.QA.TestCasePackage.ElectronicsTC" name="createObjects" time="0.003"/>
  <system-out/>
  <testcase classname="com.AmazonAutomation.QA.TestCasePackage.ElectronicsTC" name="initialize" time="2.447"/>
  <system-out/>
  <testcase classname="com.AmazonAutomation.QA.TestCasePackage.ElectronicsTC" name="executeTC_displayHomePageForElectronicsMainMenu" time="13.041"/>
  <system-out/>
</testsuite> <!-- com.AmazonAutomation.QA.TestCasePackage.ElectronicsTC -->
