<?xml version="1.0" encoding="UTF-8"?>
<!-- Generated by org.testng.reporters.JUnitReportReporter -->
<testsuite hostname="DESKTOP-Q7K9SM7" failures="0" tests="9" name="com.AmazonAutomation.QA.TestCasePackage.LaunchAndLoginTC" time="53.470" errors="0" timestamp="2023-02-15T11:10:07 IST" skipped="0">
  <testcase classname="com.AmazonAutomation.QA.TestCasePackage.LaunchAndLoginTC" name="executeTC_displayproducts" time="8.639"/>
  <system-out/>
  <testcase classname="com.AmazonAutomation.QA.TestCasePackage.LaunchAndLoginTC" name="executeTC_displayproducts" time="7.714"/>
  <system-out/>
  <testcase classname="com.AmazonAutomation.QA.TestCasePackage.LaunchAndLoginTC" name="executeTC_displayproducts" time="6.377"/>
  <system-out/>
  <testcase classname="com.AmazonAutomation.QA.TestCasePackage.LaunchAndLoginTC" name="executeTC_displayproducts" time="8.227"/>
  <system-out/>
  <testcase classname="com.AmazonAutomation.QA.TestCasePackage.LaunchAndLoginTC" name="launchApplicationusingURL" time="2.898"/>
  <system-out/>
  <testcase classname="com.AmazonAutomation.QA.TestCasePackage.LaunchAndLoginTC" name="initialize" time="4.158"/>
  <system-out/>
  <testcase classname="com.AmazonAutomation.QA.TestCasePackage.LaunchAndLoginTC" name="executeTC_displayproducts" time="6.966"/>
  <system-out/>
  <testcase classname="com.AmazonAutomation.QA.TestCasePackage.LaunchAndLoginTC" name="createObject" time="0.005"/>
  <system-out/>
  <testcase classname="com.AmazonAutomation.QA.TestCasePackage.LaunchAndLoginTC" name="executeTC_displayproducts" time="8.486"/>
  <system-out/>
</testsuite> <!-- com.AmazonAutomation.QA.TestCasePackage.LaunchAndLoginTC -->
